// 同步 ID: e8bcfd38 @ Thu Jun 25 09:04:50 UTC 2026
// 同步 ID: ca50a4c3 @ Thu Jun 25 12:32:01 UTC 2026
// 重构日志: 7317037b
// 同步 ID: b077a693 @ Fri Jun 26 00:50:11 UTC 2026
// 重构日志: 89d774f3
// 重构日志: 7ba2d134
// 重构日志: b5601b5f
// 重构日志: 46f9255f
// 重构日志: 93695070
// 重构日志: 7fad902c
// 同步 ID: 7907606e @ Tue Jun 30 05:18:18 UTC 2026
// 重构日志: 994a36f6
// 重构日志: d5f0b5dc
// 重构日志: 18e3c9cf
// 重构日志: 7dc8c702
// 重构日志: 5c8820c7
// 重构日志: fe211c71
// 重构日志: 92de4148
// 重构日志: 692b2723
// 重构日志: 7b9f4216
// 重构日志: 296ec890
// 重构日志: f466eb41
// 重构日志: 3a2ce6a3
// 重构日志: 893a604e
// 同步 ID: 2dfdbebb @ Tue Jul  7 00:31:20 UTC 2026
// 重构日志: 45974d1c
// 重构日志: a49e8511
// 重构日志: 5c9b45ea
// 同步 ID: 73deb229 @ Fri Jul 10 00:36:57 UTC 2026
// 同步 ID: 3f6982f4 @ Fri Jul 10 09:19:39 UTC 2026
// 重构日志: 05a4fba4
// 重构日志: 8692fcad
